Update the repository...
Already up to date.
Validation script...
instance_T13_1 Instance started
instance_T13_2 Instance started
Update the repository...
Already up to date.
Validation script...
instance_C4 Instance started
instance_C3 Instance started
/home/ubuntu/.local/lib/python3.10/site-packages/pandas/plotting/_matplotlib/tools.py:233: RuntimeWarning: More than 20 figures have been opened. Figures created through the pyplot interface (`matplotlib.pyplot.figure`) are retained until explicitly closed and may consume too much memory. (To control this warning, see the rcParam `figure.max_open_warning`). Consider using `matplotlib.pyplot.close()`.
  fig = plt.figure(**fig_kw)
/home/ubuntu/.local/lib/python3.10/site-packages/pandas/plotting/_matplotlib/tools.py:233: RuntimeWarning: More than 20 figures have been opened. Figures created through the pyplot interface (`matplotlib.pyplot.figure`) are retained until explicitly closed and may consume too much memory. (To control this warning, see the rcParam `figure.max_open_warning`). Consider using `matplotlib.pyplot.close()`.
  fig = plt.figure(**fig_kw)
All tasks completed.
instance_C4 Instance Post-processing
delay > 1
delay > 1
delay > 1
delay > 1
delay > 1
delay > 1
delay > 1
delay > 1
delay > 1
delay > 1
delay > 1
delay > 1
delay > 1
delay > 1
delay > 1
delay > 1
delay > 1
delay > 1
delay > 1
delay > 1
delay > 1
delay > 1
delay > 1
delay > 1
delay > 1
delay > 1
delay > 1
delay > 1
delay > 1
delay > 1
delay > 1
delay > 1
delay > 1
delay > 1
delay > 1
delay > 1
delay > 1
delay > 1
delay > 1
delay > 1
delay > 1
delay > 1
delay > 1
delay > 1
delay > 1
delay > 1
delay > 1
delay > 1
delay > 1
delay > 1
delay > 1
delay > 1
delay > 1
delay > 1
delay > 1
delay > 1
delay > 1
delay > 1
delay > 1
delay > 1
delay > 1
delay > 1
delay > 1
delay > 1
delay > 1
delay > 1
delay > 1
delay > 1
delay > 1
delay > 1
delay > 1
delay > 1
delay > 1
delay > 1
delay > 1
delay > 1
delay > 1
delay > 1
delay > 1
delay > 1
delay > 1
delay > 1
delay > 1
delay > 1
delay > 1
delay > 1
delay > 1
delay > 1
delay > 1
delay > 1
delay > 1
delay > 1
delay > 1
delay > 1
delay > 1
delay > 1
delay > 1
delay > 1
delay > 1
delay > 1
delay > 1
delay > 1
delay > 1
delay > 1
delay > 1
delay > 1
delay > 1
delay > 1
delay > 1
delay > 1
delay > 1
delay > 1
delay > 1
delay > 1
delay > 1
delay > 1
delay > 1
delay > 1
delay > 1
delay > 1
delay > 1
delay > 1
delay > 1
delay > 1
delay > 1
delay > 1
delay > 1
delay > 1
delay > 1
delay > 1
delay > 1
delay > 1
delay > 1
delay > 1
delay > 1
delay > 1
delay > 1
delay > 1
delay > 1
delay > 1
delay > 1
delay > 1
delay > 1
delay > 1
delay > 1
delay > 1
delay > 1
delay > 1
delay > 1
delay > 1
delay > 1
delay > 1
delay > 1
delay > 1
delay > 1
delay > 1
delay > 1
delay > 1
delay > 1
delay > 1
delay > 1
delay > 1
delay > 1
delay > 1
delay > 1
delay > 1
delay > 1
delay > 1
delay > 1
delay > 1
delay > 1
delay > 1
delay > 1
delay > 1
delay > 1
delay > 1
delay > 1
delay > 1
delay > 1
delay > 1
delay > 1
delay > 1
delay > 1
delay > 1
delay > 1
delay > 1
delay > 1
delay > 1
delay > 1
delay > 1
delay > 1
delay > 1
delay > 1
delay > 1
delay > 1
delay > 1
delay > 1
delay > 1
delay > 1
delay > 1
delay > 1
delay > 1
delay > 1
delay > 1
delay > 1
delay > 1
delay > 1
delay > 1
delay > 1
delay > 1
delay > 1
delay > 1
delay > 1
delay > 1
delay > 1
delay > 1
delay > 1
delay > 1
delay > 1
delay > 1
delay > 1
delay > 1
delay > 1
delay > 1
delay > 1
delay > 1
delay > 1
delay > 1
delay > 1
delay > 1
delay > 1
delay > 1
delay > 1
delay > 1
delay > 1
delay > 1
delay > 1
delay > 1
delay > 1
delay > 1
delay > 1
delay > 1
delay > 1
delay > 1
delay > 1
delay > 1
delay > 1
delay > 1
delay > 1
delay > 1
delay > 1
delay > 1
delay > 1
delay > 1
delay > 1
delay > 1
delay > 1
delay > 1
delay > 1
delay > 1
delay > 1
delay > 1
delay > 1
delay > 1
delay > 1
delay > 1
delay > 1
delay > 1
delay > 1
delay > 1
delay > 1
delay > 1
delay > 1
delay > 1
delay > 1
delay > 1
delay > 1
delay > 1
delay > 1
delay > 1
delay > 1
delay > 1
delay > 1
delay > 1
delay > 1
delay > 1
delay > 1
delay > 1
delay > 1
delay > 1
delay > 1
delay > 1
delay > 1
delay > 1
delay > 1
delay > 1
delay > 1
delay > 1
delay > 1
delay > 1
delay > 1
delay > 1
delay > 1
delay > 1
delay > 1
delay > 1
delay > 1
delay > 1
delay > 1
delay > 1
delay > 1
delay > 1
delay > 1
delay > 1
delay > 1
delay > 1
delay > 1
delay > 1
delay > 1
delay > 1
delay > 1
delay > 1
delay > 1
delay > 1
delay > 1
delay > 1
delay > 1
delay > 1
delay > 1
delay > 1
delay > 1
delay > 1
delay > 1
delay > 1
delay > 1
delay > 1
delay > 1
delay > 1
delay > 1
delay > 1
delay > 1
delay > 1
delay > 1
delay > 1
delay > 1
delay > 1
delay > 1
delay > 1
delay > 1
delay > 1
delay > 1
delay > 1
delay > 1
delay > 1
delay > 1
delay > 1
delay > 1
delay > 1
delay > 1
delay > 1
delay > 1
delay > 1
delay > 1
delay > 1
delay > 1
delay > 1
delay > 1
delay > 1
delay > 1
delay > 1
delay > 1
delay > 1
delay > 1
delay > 1
delay > 1
delay > 1
delay > 1
delay > 1
delay > 1
delay > 1
delay > 1
delay > 1
delay > 1
delay > 1
delay > 1
delay > 1
delay > 1
delay > 1
delay > 1
delay > 1
delay > 1
delay > 1
delay > 1
delay > 1
delay > 1
delay > 1
delay > 1
delay > 1
delay > 1
delay > 1
delay > 1
delay > 1
delay > 1
delay > 1
delay > 1
delay > 1
delay > 1
delay > 1
delay > 1
delay > 1
delay > 1
delay > 1
delay > 1
delay > 1
delay > 1
delay > 1
delay > 1
delay > 1
delay > 1
delay > 1
delay > 1
instance_C3 Instance Post-processing
delay > 1
delay > 1
delay > 1
delay > 1
delay > 1
delay > 1
delay > 1
delay > 1
delay > 1
delay > 1
delay > 1
delay > 1
delay > 1
delay > 1
delay > 1
delay > 1
delay > 1
delay > 1
delay > 1
delay > 1
delay > 1
delay > 1
delay > 1
delay > 1
delay > 1
delay > 1
delay > 1
delay > 1
delay > 1
delay > 1
delay > 1
delay > 1
delay > 1
delay > 1
delay > 1
delay > 1
delay > 1
delay > 1
delay > 1
delay > 1
delay > 1
delay > 1
delay > 1
delay > 1
delay > 1
delay > 1
delay > 1
delay > 1
delay > 1
delay > 1
delay > 1
delay > 1
delay > 1
delay > 1
delay > 1
delay > 1
delay > 1
delay > 1
delay > 1
delay > 1
delay > 1
delay > 1
delay > 1
delay > 1
delay > 1
delay > 1
delay > 1
delay > 1
delay > 1
delay > 1
delay > 1
delay > 1
delay > 1
delay > 1
delay > 1
delay > 1
delay > 1
delay > 1
delay > 1
delay > 1
delay > 1
delay > 1
delay > 1
delay > 1
delay > 1
delay > 1
delay > 1
delay > 1
delay > 1
delay > 1
delay > 1
delay > 1
delay > 1
delay > 1
delay > 1
delay > 1
delay > 1
delay > 1
delay > 1
delay > 1
delay > 1
delay > 1
delay > 1
delay > 1
delay > 1
delay > 1
delay > 1
delay > 1
delay > 1
delay > 1
delay > 1
delay > 1
delay > 1
delay > 1
delay > 1
delay > 1
delay > 1
delay > 1
delay > 1
delay > 1
delay > 1
delay > 1
delay > 1
delay > 1
delay > 1
delay > 1
delay > 1
delay > 1
delay > 1
delay > 1
delay > 1
delay > 1
delay > 1
delay > 1
delay > 1
delay > 1
delay > 1
delay > 1
delay > 1
delay > 1
delay > 1
delay > 1
delay > 1
delay > 1
delay > 1
delay > 1
delay > 1
delay > 1
delay > 1
delay > 1
delay > 1
delay > 1
delay > 1
delay > 1
delay > 1
delay > 1
delay > 1
delay > 1
delay > 1
delay > 1
delay > 1
delay > 1
delay > 1
delay > 1
delay > 1
delay > 1
delay > 1
delay > 1
delay > 1
delay > 1
delay > 1
delay > 1
delay > 1
delay > 1
delay > 1
delay > 1
delay > 1
delay > 1
delay > 1
delay > 1
delay > 1
delay > 1
delay > 1
delay > 1
delay > 1
delay > 1
delay > 1
delay > 1
delay > 1
delay > 1
delay > 1
delay > 1
delay > 1
delay > 1
delay > 1
delay > 1
delay > 1
delay > 1
delay > 1
delay > 1
delay > 1
delay > 1
delay > 1
delay > 1
delay > 1
delay > 1
delay > 1
delay > 1
delay > 1
delay > 1
delay > 1
delay > 1
delay > 1
delay > 1
delay > 1
delay > 1
delay > 1
delay > 1
delay > 1
delay > 1
delay > 1
delay > 1
delay > 1
delay > 1
delay > 1
delay > 1
delay > 1
delay > 1
delay > 1
delay > 1
delay > 1
delay > 1
delay > 1
delay > 1
delay > 1
delay > 1
delay > 1
delay > 1
delay > 1
delay > 1
delay > 1
delay > 1
delay > 1
delay > 1
delay > 1
delay > 1
delay > 1
delay > 1
delay > 1
delay > 1
delay > 1
delay > 1
delay > 1
delay > 1
delay > 1
delay > 1
delay > 1
delay > 1
delay > 1
delay > 1
delay > 1
delay > 1
delay > 1
delay > 1
delay > 1
delay > 1
delay > 1
delay > 1
delay > 1
delay > 1
delay > 1
delay > 1
delay > 1
delay > 1
delay > 1
delay > 1
delay > 1
delay > 1
delay > 1
delay > 1
delay > 1
delay > 1
delay > 1
delay > 1
delay > 1
delay > 1
delay > 1
delay > 1
delay > 1
delay > 1
delay > 1
delay > 1
delay > 1
delay > 1
delay > 1
delay > 1
delay > 1
delay > 1
delay > 1
delay > 1
delay > 1
delay > 1
delay > 1
delay > 1
delay > 1
delay > 1
delay > 1
delay > 1
delay > 1
delay > 1
delay > 1
delay > 1
delay > 1
delay > 1
delay > 1
delay > 1
delay > 1
delay > 1
delay > 1
delay > 1
delay > 1
delay > 1
delay > 1
delay > 1
delay > 1
delay > 1
delay > 1
delay > 1
delay > 1
delay > 1
delay > 1
delay > 1
delay > 1
delay > 1
delay > 1
delay > 1
delay > 1
delay > 1
delay > 1
delay > 1
delay > 1
delay > 1
delay > 1
delay > 1
delay > 1
delay > 1
delay > 1
delay > 1
delay > 1
delay > 1
delay > 1
delay > 1
delay > 1
delay > 1
delay > 1
delay > 1
delay > 1
delay > 1
delay > 1
delay > 1
delay > 1
delay > 1
delay > 1
delay > 1
delay > 1
delay > 1
delay > 1
delay > 1
delay > 1
delay > 1
delay > 1
delay > 1
delay > 1
delay > 1
delay > 1
delay > 1
delay > 1
delay > 1
delay > 1
delay > 1
delay > 1
delay > 1
delay > 1
delay > 1
delay > 1
delay > 1
delay > 1
delay > 1
delay > 1
delay > 1
delay > 1
delay > 1
delay > 1
delay > 1
delay > 1
delay > 1
delay > 1
delay > 1
delay > 1
delay > 1
delay > 1
delay > 1
delay > 1
delay > 1
delay > 1
delay > 1
delay > 1
Push results to the repository...
[main e946801] Validation results
 149 files changed, 118113 insertions(+), 429910 deletions(-)
 rewrite instance_generator/graphs/instance_generator_instances_instance_C3_out_heuristic/cumulative.png (99%)
 create mode 100644 instance_generator/graphs/instance_generator_instances_instance_C3_out_heuristic/instance_generator_instances_instance_C3_out_heuristic.xlsx
 rewrite instance_generator/graphs/instance_generator_instances_instance_C3_out_heuristic/kpi.png (97%)
 rewrite instance_generator/graphs/instance_generator_instances_instance_C3_out_heuristic/time.png (98%)
 rewrite instance_generator/graphs/instance_generator_instances_instance_C4_out_heuristic/cumulative.png (99%)
 create mode 100644 instance_generator/graphs/instance_generator_instances_instance_C4_out_heuristic/instance_generator_instances_instance_C4_out_heuristic.xlsx
 rewrite instance_generator/graphs/instance_generator_instances_instance_C4_out_heuristic/kpi.png (97%)
 rewrite instance_generator/graphs/instance_generator_instances_instance_C4_out_heuristic/time.png (98%)
 rewrite instance_generator/instances/instance_C3/fragmentation/fragmentation_link1_request400.png (99%)
 rewrite instance_generator/instances/instance_C3/fragmentation/fragmentation_link1_request400.xlsx (85%)
 rewrite instance_generator/instances/instance_C3/fragmentation/fragmentation_link1_request800.png (98%)
 rewrite instance_generator/instances/instance_C3/fragmentation/fragmentation_link1_request800.xlsx (90%)
 rewrite instance_generator/instances/instance_C3/fragmentation/fragmentation_link2_request400.png (99%)
 rewrite instance_generator/instances/instance_C3/fragmentation/fragmentation_link2_request400.xlsx (86%)
 rewrite instance_generator/instances/instance_C3/fragmentation/fragmentation_link2_request800.png (99%)
 rewrite instance_generator/instances/instance_C3/fragmentation/fragmentation_link2_request800.xlsx (91%)
 rewrite instance_generator/instances/instance_C3/fragmentation/fragmentation_link3_request400.png (99%)
 rewrite instance_generator/instances/instance_C3/fragmentation/fragmentation_link3_request400.xlsx (86%)
 rewrite instance_generator/instances/instance_C3/fragmentation/fragmentation_link3_request800.png (98%)
 rewrite instance_generator/instances/instance_C3/fragmentation/fragmentation_link3_request800.xlsx (91%)
 rewrite instance_generator/instances/instance_C3/out_heuristic_troughput.csv (99%)
 rewrite instance_generator/instances/instance_C4/fragmentation/fragmentation_link1_request400.png (99%)
 create mode 100644 instance_generator/instances/instance_C4/fragmentation/fragmentation_link1_request400.xlsx
 rewrite instance_generator/instances/instance_C4/fragmentation/fragmentation_link1_request800.png (98%)
 create mode 100644 instance_generator/instances/instance_C4/fragmentation/fragmentation_link1_request800.xlsx
 rewrite instance_generator/instances/instance_C4/fragmentation/fragmentation_link2_request400.png (99%)
 create mode 100644 instance_generator/instances/instance_C4/fragmentation/fragmentation_link2_request400.xlsx
 rewrite instance_generator/instances/instance_C4/fragmentation/fragmentation_link2_request800.png (99%)
 create mode 100644 instance_generator/instances/instance_C4/fragmentation/fragmentation_link2_request800.xlsx
 rewrite instance_generator/instances/instance_C4/fragmentation/fragmentation_link3_request400.png (98%)
 create mode 100644 instance_generator/instances/instance_C4/fragmentation/fragmentation_link3_request400.xlsx
 rewrite instance_generator/instances/instance_C4/fragmentation/fragmentation_link3_request800.png (99%)
 create mode 100644 instance_generator/instances/instance_C4/fragmentation/fragmentation_link3_request800.xlsx
 rewrite instance_generator/instances/instance_C4/out_heuristic.csv (65%)
 rewrite instance_generator/instances/instance_C4/out_heuristic_troughput.csv (99%)
 create mode 100644 instance_generator/instances/instance_T13_1/fragmentation/fragmentation_link1_request1200.png
 create mode 100644 instance_generator/instances/instance_T13_1/fragmentation/fragmentation_link1_request1200.xlsx
 create mode 100644 instance_generator/instances/instance_T13_1/fragmentation/fragmentation_link1_request1600.png
 create mode 100644 instance_generator/instances/instance_T13_1/fragmentation/fragmentation_link1_request1600.xlsx
 create mode 100644 instance_generator/instances/instance_T13_1/fragmentation/fragmentation_link1_request2000.png
 create mode 100644 instance_generator/instances/instance_T13_1/fragmentation/fragmentation_link1_request2000.xlsx
 create mode 100644 instance_generator/instances/instance_T13_1/fragmentation/fragmentation_link1_request2400.png
 create mode 100644 instance_generator/instances/instance_T13_1/fragmentation/fragmentation_link1_request2400.xlsx
 create mode 100644 instance_generator/instances/instance_T13_1/fragmentation/fragmentation_link1_request2800.png
 create mode 100644 instance_generator/instances/instance_T13_1/fragmentation/fragmentation_link1_request2800.xlsx
 create mode 100644 instance_generator/instances/instance_T13_1/fragmentation/fragmentation_link1_request400.png
 create mode 100644 instance_generator/instances/instance_T13_1/fragmentation/fragmentation_link1_request400.xlsx
 create mode 100644 instance_generator/instances/instance_T13_1/fragmentation/fragmentation_link1_request800.png
 create mode 100644 instance_generator/instances/instance_T13_1/fragmentation/fragmentation_link1_request800.xlsx
 create mode 100644 instance_generator/instances/instance_T13_1/fragmentation/fragmentation_link2_request1200.png
 create mode 100644 instance_generator/instances/instance_T13_1/fragmentation/fragmentation_link2_request1200.xlsx
 create mode 100644 instance_generator/instances/instance_T13_1/fragmentation/fragmentation_link2_request1600.png
 create mode 100644 instance_generator/instances/instance_T13_1/fragmentation/fragmentation_link2_request1600.xlsx
 create mode 100644 instance_generator/instances/instance_T13_1/fragmentation/fragmentation_link2_request2000.png
 create mode 100644 instance_generator/instances/instance_T13_1/fragmentation/fragmentation_link2_request2000.xlsx
 create mode 100644 instance_generator/instances/instance_T13_1/fragmentation/fragmentation_link2_request2400.png
 create mode 100644 instance_generator/instances/instance_T13_1/fragmentation/fragmentation_link2_request2400.xlsx
 create mode 100644 instance_generator/instances/instance_T13_1/fragmentation/fragmentation_link2_request2800.png
 create mode 100644 instance_generator/instances/instance_T13_1/fragmentation/fragmentation_link2_request2800.xlsx
 create mode 100644 instance_generator/instances/instance_T13_1/fragmentation/fragmentation_link2_request400.png
 create mode 100644 instance_generator/instances/instance_T13_1/fragmentation/fragmentation_link2_request400.xlsx
 create mode 100644 instance_generator/instances/instance_T13_1/fragmentation/fragmentation_link2_request800.png
 create mode 100644 instance_generator/instances/instance_T13_1/fragmentation/fragmentation_link2_request800.xlsx
 create mode 100644 instance_generator/instances/instance_T13_1/fragmentation/fragmentation_link3_request1200.png
 create mode 100644 instance_generator/instances/instance_T13_1/fragmentation/fragmentation_link3_request1200.xlsx
 create mode 100644 instance_generator/instances/instance_T13_1/fragmentation/fragmentation_link3_request1600.png
 create mode 100644 instance_generator/instances/instance_T13_1/fragmentation/fragmentation_link3_request1600.xlsx
 create mode 100644 instance_generator/instances/instance_T13_1/fragmentation/fragmentation_link3_request2000.png
 create mode 100644 instance_generator/instances/instance_T13_1/fragmentation/fragmentation_link3_request2000.xlsx
 create mode 100644 instance_generator/instances/instance_T13_1/fragmentation/fragmentation_link3_request2400.png
 create mode 100644 instance_generator/instances/instance_T13_1/fragmentation/fragmentation_link3_request2400.xlsx
 create mode 100644 instance_generator/instances/instance_T13_1/fragmentation/fragmentation_link3_request2800.png
 create mode 100644 instance_generator/instances/instance_T13_1/fragmentation/fragmentation_link3_request2800.xlsx
 create mode 100644 instance_generator/instances/instance_T13_1/fragmentation/fragmentation_link3_request400.png
 create mode 100644 instance_generator/instances/instance_T13_1/fragmentation/fragmentation_link3_request400.xlsx
 create mode 100644 instance_generator/instances/instance_T13_1/fragmentation/fragmentation_link3_request800.png
 create mode 100644 instance_generator/instances/instance_T13_1/fragmentation/fragmentation_link3_request800.xlsx
 rewrite instance_generator/instances/instance_T13_1/out.txt (82%)
 create mode 100644 instance_generator/instances/instance_T13_2/fragmentation/fragmentation_link1_request1200.png
 create mode 100644 instance_generator/instances/instance_T13_2/fragmentation/fragmentation_link1_request1200.xlsx
 create mode 100644 instance_generator/instances/instance_T13_2/fragmentation/fragmentation_link1_request1600.png
 create mode 100644 instance_generator/instances/instance_T13_2/fragmentation/fragmentation_link1_request1600.xlsx
 create mode 100644 instance_generator/instances/instance_T13_2/fragmentation/fragmentation_link1_request2000.png
 create mode 100644 instance_generator/instances/instance_T13_2/fragmentation/fragmentation_link1_request2000.xlsx
 create mode 100644 instance_generator/instances/instance_T13_2/fragmentation/fragmentation_link1_request2400.png
 create mode 100644 instance_generator/instances/instance_T13_2/fragmentation/fragmentation_link1_request2400.xlsx
 create mode 100644 instance_generator/instances/instance_T13_2/fragmentation/fragmentation_link1_request2800.png
 create mode 100644 instance_generator/instances/instance_T13_2/fragmentation/fragmentation_link1_request2800.xlsx
 create mode 100644 instance_generator/instances/instance_T13_2/fragmentation/fragmentation_link1_request3200.png
 create mode 100644 instance_generator/instances/instance_T13_2/fragmentation/fragmentation_link1_request3200.xlsx
 create mode 100644 instance_generator/instances/instance_T13_2/fragmentation/fragmentation_link1_request3600.png
 create mode 100644 instance_generator/instances/instance_T13_2/fragmentation/fragmentation_link1_request3600.xlsx
 create mode 100644 instance_generator/instances/instance_T13_2/fragmentation/fragmentation_link1_request400.png
 create mode 100644 instance_generator/instances/instance_T13_2/fragmentation/fragmentation_link1_request400.xlsx
 create mode 100644 instance_generator/instances/instance_T13_2/fragmentation/fragmentation_link1_request4000.png
 create mode 100644 instance_generator/instances/instance_T13_2/fragmentation/fragmentation_link1_request4000.xlsx
 create mode 100644 instance_generator/instances/instance_T13_2/fragmentation/fragmentation_link1_request4400.png
 create mode 100644 instance_generator/instances/instance_T13_2/fragmentation/fragmentation_link1_request4400.xlsx
 create mode 100644 instance_generator/instances/instance_T13_2/fragmentation/fragmentation_link1_request800.png
 create mode 100644 instance_generator/instances/instance_T13_2/fragmentation/fragmentation_link1_request800.xlsx
 create mode 100644 instance_generator/instances/instance_T13_2/fragmentation/fragmentation_link2_request1200.png
 create mode 100644 instance_generator/instances/instance_T13_2/fragmentation/fragmentation_link2_request1200.xlsx
 create mode 100644 instance_generator/instances/instance_T13_2/fragmentation/fragmentation_link2_request1600.png
 create mode 100644 instance_generator/instances/instance_T13_2/fragmentation/fragmentation_link2_request1600.xlsx
 create mode 100644 instance_generator/instances/instance_T13_2/fragmentation/fragmentation_link2_request2000.png
 create mode 100644 instance_generator/instances/instance_T13_2/fragmentation/fragmentation_link2_request2000.xlsx
 create mode 100644 instance_generator/instances/instance_T13_2/fragmentation/fragmentation_link2_request2400.png
 create mode 100644 instance_generator/instances/instance_T13_2/fragmentation/fragmentation_link2_request2400.xlsx
 create mode 100644 instance_generator/instances/instance_T13_2/fragmentation/fragmentation_link2_request2800.png
 create mode 100644 instance_generator/instances/instance_T13_2/fragmentation/fragmentation_link2_request2800.xlsx
 create mode 100644 instance_generator/instances/instance_T13_2/fragmentation/fragmentation_link2_request3200.png
 create mode 100644 instance_generator/instances/instance_T13_2/fragmentation/fragmentation_link2_request3200.xlsx
 create mode 100644 instance_generator/instances/instance_T13_2/fragmentation/fragmentation_link2_request3600.png
 create mode 100644 instance_generator/instances/instance_T13_2/fragmentation/fragmentation_link2_request3600.xlsx
 create mode 100644 instance_generator/instances/instance_T13_2/fragmentation/fragmentation_link2_request400.png
 create mode 100644 instance_generator/instances/instance_T13_2/fragmentation/fragmentation_link2_request400.xlsx
 create mode 100644 instance_generator/instances/instance_T13_2/fragmentation/fragmentation_link2_request4000.png
 create mode 100644 instance_generator/instances/instance_T13_2/fragmentation/fragmentation_link2_request4000.xlsx
 create mode 100644 instance_generator/instances/instance_T13_2/fragmentation/fragmentation_link2_request4400.png
 create mode 100644 instance_generator/instances/instance_T13_2/fragmentation/fragmentation_link2_request4400.xlsx
 create mode 100644 instance_generator/instances/instance_T13_2/fragmentation/fragmentation_link2_request800.png
 create mode 100644 instance_generator/instances/instance_T13_2/fragmentation/fragmentation_link2_request800.xlsx
 create mode 100644 instance_generator/instances/instance_T13_2/fragmentation/fragmentation_link3_request1200.png
 create mode 100644 instance_generator/instances/instance_T13_2/fragmentation/fragmentation_link3_request1200.xlsx
 create mode 100644 instance_generator/instances/instance_T13_2/fragmentation/fragmentation_link3_request1600.png
 create mode 100644 instance_generator/instances/instance_T13_2/fragmentation/fragmentation_link3_request1600.xlsx
 create mode 100644 instance_generator/instances/instance_T13_2/fragmentation/fragmentation_link3_request2000.png
 create mode 100644 instance_generator/instances/instance_T13_2/fragmentation/fragmentation_link3_request2000.xlsx
 create mode 100644 instance_generator/instances/instance_T13_2/fragmentation/fragmentation_link3_request2400.png
 create mode 100644 instance_generator/instances/instance_T13_2/fragmentation/fragmentation_link3_request2400.xlsx
 create mode 100644 instance_generator/instances/instance_T13_2/fragmentation/fragmentation_link3_request2800.png
 create mode 100644 instance_generator/instances/instance_T13_2/fragmentation/fragmentation_link3_request2800.xlsx
 create mode 100644 instance_generator/instances/instance_T13_2/fragmentation/fragmentation_link3_request3200.png
 create mode 100644 instance_generator/instances/instance_T13_2/fragmentation/fragmentation_link3_request3200.xlsx
 create mode 100644 instance_generator/instances/instance_T13_2/fragmentation/fragmentation_link3_request3600.png
 create mode 100644 instance_generator/instances/instance_T13_2/fragmentation/fragmentation_link3_request3600.xlsx
 create mode 100644 instance_generator/instances/instance_T13_2/fragmentation/fragmentation_link3_request400.png
 create mode 100644 instance_generator/instances/instance_T13_2/fragmentation/fragmentation_link3_request400.xlsx
 create mode 100644 instance_generator/instances/instance_T13_2/fragmentation/fragmentation_link3_request4000.png
 create mode 100644 instance_generator/instances/instance_T13_2/fragmentation/fragmentation_link3_request4000.xlsx
 create mode 100644 instance_generator/instances/instance_T13_2/fragmentation/fragmentation_link3_request4400.png
 create mode 100644 instance_generator/instances/instance_T13_2/fragmentation/fragmentation_link3_request4400.xlsx
 create mode 100644 instance_generator/instances/instance_T13_2/fragmentation/fragmentation_link3_request800.png
 create mode 100644 instance_generator/instances/instance_T13_2/fragmentation/fragmentation_link3_request800.xlsx
 rewrite instance_generator/instances/instance_T13_2/out.txt (73%)
 create mode 100644 nohup.out
To github.com:GGraziadei/TSN-IEEE-802.1Qbv--scheduling-module.git
   2cccc9a..e946801  main -> main
Update the repository...
Already up to date.
Validation script...
instance_C4 Instance started
instance_C3 Instance started
All tasks completed.
instance_T13_1 Instance Post-processing
Traceback (most recent call last):
  File "/home/ubuntu/TSN-IEEE-802.1Qbv--scheduling-module/instance_generator/generate_graph.py", line 211, in <module>
    app2_solving_time_linear = np.polyfit(app2_n_requests, app2_solving_time, 3)
  File "/home/ubuntu/.local/lib/python3.10/site-packages/numpy/lib/polynomial.py", line 639, in polyfit
    raise TypeError("expected non-empty vector for x")
TypeError: expected non-empty vector for x
instance_T13_2 Instance Post-processing
Traceback (most recent call last):
  File "/home/ubuntu/TSN-IEEE-802.1Qbv--scheduling-module/instance_generator/generate_graph.py", line 210, in <module>
    app1_solving_time_linear = np.polyfit(app1_n_requests, app1_solving_time, 3)
  File "/home/ubuntu/.local/lib/python3.10/site-packages/numpy/lib/polynomial.py", line 639, in polyfit
    raise TypeError("expected non-empty vector for x")
TypeError: expected non-empty vector for x
Push results to the repository...
[main b8508f3] Validation results
 101 files changed, 127608 insertions(+), 17544 deletions(-)
 rewrite instance_generator/graphs/instance_generator_instances_instance_T13_1_out_heuristic/instance_generator_instances_instance_T13_1_out_heuristic.xlsx (91%)
 rewrite instance_generator/graphs/instance_generator_instances_instance_T13_2_out_heuristic/instance_generator_instances_instance_T13_2_out_heuristic.xlsx (92%)
 rewrite instance_generator/instances/instance_C3/out.txt (78%)
 rewrite instance_generator/instances/instance_C4/out.txt (80%)
 create mode 100644 instance_generator/instances/instance_T13_1/fragmentation/fragmentation_link1_request3200.png
 create mode 100644 instance_generator/instances/instance_T13_1/fragmentation/fragmentation_link1_request3200.xlsx
 create mode 100644 instance_generator/instances/instance_T13_1/fragmentation/fragmentation_link1_request3600.png
 create mode 100644 instance_generator/instances/instance_T13_1/fragmentation/fragmentation_link1_request3600.xlsx
 create mode 100644 instance_generator/instances/instance_T13_1/fragmentation/fragmentation_link1_request4000.png
 create mode 100644 instance_generator/instances/instance_T13_1/fragmentation/fragmentation_link1_request4000.xlsx
 create mode 100644 instance_generator/instances/instance_T13_1/fragmentation/fragmentation_link1_request4400.png
 create mode 100644 instance_generator/instances/instance_T13_1/fragmentation/fragmentation_link1_request4400.xlsx
 create mode 100644 instance_generator/instances/instance_T13_1/fragmentation/fragmentation_link1_request4800.png
 create mode 100644 instance_generator/instances/instance_T13_1/fragmentation/fragmentation_link1_request4800.xlsx
 create mode 100644 instance_generator/instances/instance_T13_1/fragmentation/fragmentation_link1_request5200.png
 create mode 100644 instance_generator/instances/instance_T13_1/fragmentation/fragmentation_link1_request5200.xlsx
 create mode 100644 instance_generator/instances/instance_T13_1/fragmentation/fragmentation_link1_request5600.png
 create mode 100644 instance_generator/instances/instance_T13_1/fragmentation/fragmentation_link1_request5600.xlsx
 create mode 100644 instance_generator/instances/instance_T13_1/fragmentation/fragmentation_link1_request6000.png
 create mode 100644 instance_generator/instances/instance_T13_1/fragmentation/fragmentation_link1_request6000.xlsx
 create mode 100644 instance_generator/instances/instance_T13_1/fragmentation/fragmentation_link1_request6400.png
 create mode 100644 instance_generator/instances/instance_T13_1/fragmentation/fragmentation_link1_request6400.xlsx
 create mode 100644 instance_generator/instances/instance_T13_1/fragmentation/fragmentation_link1_request6800.png
 create mode 100644 instance_generator/instances/instance_T13_1/fragmentation/fragmentation_link1_request6800.xlsx
 create mode 100644 instance_generator/instances/instance_T13_1/fragmentation/fragmentation_link1_request7200.png
 create mode 100644 instance_generator/instances/instance_T13_1/fragmentation/fragmentation_link1_request7200.xlsx
 create mode 100644 instance_generator/instances/instance_T13_1/fragmentation/fragmentation_link1_request7600.png
 create mode 100644 instance_generator/instances/instance_T13_1/fragmentation/fragmentation_link1_request7600.xlsx
 create mode 100644 instance_generator/instances/instance_T13_1/fragmentation/fragmentation_link2_request3200.png
 create mode 100644 instance_generator/instances/instance_T13_1/fragmentation/fragmentation_link2_request3200.xlsx
 create mode 100644 instance_generator/instances/instance_T13_1/fragmentation/fragmentation_link2_request3600.png
 create mode 100644 instance_generator/instances/instance_T13_1/fragmentation/fragmentation_link2_request3600.xlsx
 create mode 100644 instance_generator/instances/instance_T13_1/fragmentation/fragmentation_link2_request4000.png
 create mode 100644 instance_generator/instances/instance_T13_1/fragmentation/fragmentation_link2_request4000.xlsx
 create mode 100644 instance_generator/instances/instance_T13_1/fragmentation/fragmentation_link2_request4400.png
 create mode 100644 instance_generator/instances/instance_T13_1/fragmentation/fragmentation_link2_request4400.xlsx
 create mode 100644 instance_generator/instances/instance_T13_1/fragmentation/fragmentation_link2_request4800.png
 create mode 100644 instance_generator/instances/instance_T13_1/fragmentation/fragmentation_link2_request4800.xlsx
 create mode 100644 instance_generator/instances/instance_T13_1/fragmentation/fragmentation_link2_request5200.png
 create mode 100644 instance_generator/instances/instance_T13_1/fragmentation/fragmentation_link2_request5200.xlsx
 create mode 100644 instance_generator/instances/instance_T13_1/fragmentation/fragmentation_link2_request5600.png
 create mode 100644 instance_generator/instances/instance_T13_1/fragmentation/fragmentation_link2_request5600.xlsx
 create mode 100644 instance_generator/instances/instance_T13_1/fragmentation/fragmentation_link2_request6000.png
 create mode 100644 instance_generator/instances/instance_T13_1/fragmentation/fragmentation_link2_request6000.xlsx
 create mode 100644 instance_generator/instances/instance_T13_1/fragmentation/fragmentation_link2_request6400.png
 create mode 100644 instance_generator/instances/instance_T13_1/fragmentation/fragmentation_link2_request6400.xlsx
 create mode 100644 instance_generator/instances/instance_T13_1/fragmentation/fragmentation_link2_request6800.png
 create mode 100644 instance_generator/instances/instance_T13_1/fragmentation/fragmentation_link2_request6800.xlsx
 create mode 100644 instance_generator/instances/instance_T13_1/fragmentation/fragmentation_link2_request7200.png
 create mode 100644 instance_generator/instances/instance_T13_1/fragmentation/fragmentation_link2_request7200.xlsx
 create mode 100644 instance_generator/instances/instance_T13_1/fragmentation/fragmentation_link2_request7600.png
 create mode 100644 instance_generator/instances/instance_T13_1/fragmentation/fragmentation_link2_request7600.xlsx
 create mode 100644 instance_generator/instances/instance_T13_1/fragmentation/fragmentation_link3_request3200.png
 create mode 100644 instance_generator/instances/instance_T13_1/fragmentation/fragmentation_link3_request3200.xlsx
 create mode 100644 instance_generator/instances/instance_T13_1/fragmentation/fragmentation_link3_request3600.png
 create mode 100644 instance_generator/instances/instance_T13_1/fragmentation/fragmentation_link3_request3600.xlsx
 create mode 100644 instance_generator/instances/instance_T13_1/fragmentation/fragmentation_link3_request4000.png
 create mode 100644 instance_generator/instances/instance_T13_1/fragmentation/fragmentation_link3_request4000.xlsx
 create mode 100644 instance_generator/instances/instance_T13_1/fragmentation/fragmentation_link3_request4400.png
 create mode 100644 instance_generator/instances/instance_T13_1/fragmentation/fragmentation_link3_request4400.xlsx
 create mode 100644 instance_generator/instances/instance_T13_1/fragmentation/fragmentation_link3_request4800.png
 create mode 100644 instance_generator/instances/instance_T13_1/fragmentation/fragmentation_link3_request4800.xlsx
 create mode 100644 instance_generator/instances/instance_T13_1/fragmentation/fragmentation_link3_request5200.png
 create mode 100644 instance_generator/instances/instance_T13_1/fragmentation/fragmentation_link3_request5200.xlsx
 create mode 100644 instance_generator/instances/instance_T13_1/fragmentation/fragmentation_link3_request5600.png
 create mode 100644 instance_generator/instances/instance_T13_1/fragmentation/fragmentation_link3_request5600.xlsx
 create mode 100644 instance_generator/instances/instance_T13_1/fragmentation/fragmentation_link3_request6000.png
 create mode 100644 instance_generator/instances/instance_T13_1/fragmentation/fragmentation_link3_request6000.xlsx
 create mode 100644 instance_generator/instances/instance_T13_1/fragmentation/fragmentation_link3_request6400.png
 create mode 100644 instance_generator/instances/instance_T13_1/fragmentation/fragmentation_link3_request6400.xlsx
 create mode 100644 instance_generator/instances/instance_T13_1/fragmentation/fragmentation_link3_request6800.png
 create mode 100644 instance_generator/instances/instance_T13_1/fragmentation/fragmentation_link3_request6800.xlsx
 create mode 100644 instance_generator/instances/instance_T13_1/fragmentation/fragmentation_link3_request7200.png
 create mode 100644 instance_generator/instances/instance_T13_1/fragmentation/fragmentation_link3_request7200.xlsx
 create mode 100644 instance_generator/instances/instance_T13_1/fragmentation/fragmentation_link3_request7600.png
 create mode 100644 instance_generator/instances/instance_T13_1/fragmentation/fragmentation_link3_request7600.xlsx
 rewrite instance_generator/instances/instance_T13_1/out_heuristic.csv (79%)
 create mode 100644 instance_generator/instances/instance_T13_2/fragmentation/fragmentation_link1_request4800.png
 create mode 100644 instance_generator/instances/instance_T13_2/fragmentation/fragmentation_link1_request4800.xlsx
 create mode 100644 instance_generator/instances/instance_T13_2/fragmentation/fragmentation_link1_request5200.png
 create mode 100644 instance_generator/instances/instance_T13_2/fragmentation/fragmentation_link1_request5200.xlsx
 create mode 100644 instance_generator/instances/instance_T13_2/fragmentation/fragmentation_link1_request5600.png
 create mode 100644 instance_generator/instances/instance_T13_2/fragmentation/fragmentation_link1_request5600.xlsx
 create mode 100644 instance_generator/instances/instance_T13_2/fragmentation/fragmentation_link2_request4800.png
 create mode 100644 instance_generator/instances/instance_T13_2/fragmentation/fragmentation_link2_request4800.xlsx
 create mode 100644 instance_generator/instances/instance_T13_2/fragmentation/fragmentation_link2_request5200.png
 create mode 100644 instance_generator/instances/instance_T13_2/fragmentation/fragmentation_link2_request5200.xlsx
 create mode 100644 instance_generator/instances/instance_T13_2/fragmentation/fragmentation_link2_request5600.png
 create mode 100644 instance_generator/instances/instance_T13_2/fragmentation/fragmentation_link2_request5600.xlsx
 create mode 100644 instance_generator/instances/instance_T13_2/fragmentation/fragmentation_link3_request4800.png
 create mode 100644 instance_generator/instances/instance_T13_2/fragmentation/fragmentation_link3_request4800.xlsx
 create mode 100644 instance_generator/instances/instance_T13_2/fragmentation/fragmentation_link3_request5200.png
 create mode 100644 instance_generator/instances/instance_T13_2/fragmentation/fragmentation_link3_request5200.xlsx
 create mode 100644 instance_generator/instances/instance_T13_2/fragmentation/fragmentation_link3_request5600.png
 create mode 100644 instance_generator/instances/instance_T13_2/fragmentation/fragmentation_link3_request5600.xlsx
 rewrite instance_generator/instances/instance_T13_2/out_heuristic.csv (91%)
To github.com:GGraziadei/TSN-IEEE-802.1Qbv--scheduling-module.git
   b5b95e1..b8508f3  main -> main
All tasks completed.
instance_C4 Instance Post-processing
delay > 1
delay > 1
delay > 1
delay > 1
delay > 1
delay > 1
delay > 1
delay > 1
delay > 1
delay > 1
delay > 1
delay > 1
delay > 1
delay > 1
delay > 1
delay > 1
delay > 1
delay > 1
delay > 1
delay > 1
delay > 1
delay > 1
delay > 1
delay > 1
delay > 1
delay > 1
delay > 1
delay > 1
delay > 1
delay > 1
delay > 1
delay > 1
delay > 1
delay > 1
delay > 1
delay > 1
delay > 1
delay > 1
delay > 1
delay > 1
delay > 1
delay > 1
delay > 1
delay > 1
delay > 1
delay > 1
delay > 1
delay > 1
delay > 1
delay > 1
delay > 1
delay > 1
delay > 1
delay > 1
delay > 1
delay > 1
delay > 1
delay > 1
delay > 1
delay > 1
delay > 1
delay > 1
delay > 1
delay > 1
delay > 1
delay > 1
delay > 1
delay > 1
delay > 1
delay > 1
delay > 1
delay > 1
delay > 1
delay > 1
delay > 1
delay > 1
delay > 1
delay > 1
delay > 1
delay > 1
delay > 1
delay > 1
delay > 1
delay > 1
delay > 1
delay > 1
delay > 1
delay > 1
delay > 1
delay > 1
delay > 1
delay > 1
delay > 1
delay > 1
delay > 1
delay > 1
delay > 1
delay > 1
delay > 1
delay > 1
delay > 1
delay > 1
delay > 1
delay > 1
delay > 1
delay > 1
delay > 1
delay > 1
delay > 1
delay > 1
delay > 1
delay > 1
delay > 1
delay > 1
delay > 1
delay > 1
delay > 1
delay > 1
delay > 1
delay > 1
delay > 1
delay > 1
delay > 1
delay > 1
delay > 1
delay > 1
delay > 1
delay > 1
delay > 1
delay > 1
delay > 1
delay > 1
delay > 1
delay > 1
delay > 1
delay > 1
delay > 1
delay > 1
delay > 1
delay > 1
delay > 1
delay > 1
delay > 1
delay > 1
delay > 1
delay > 1
delay > 1
delay > 1
delay > 1
delay > 1
delay > 1
delay > 1
delay > 1
delay > 1
delay > 1
delay > 1
delay > 1
delay > 1
delay > 1
delay > 1
delay > 1
delay > 1
delay > 1
delay > 1
delay > 1
delay > 1
delay > 1
delay > 1
delay > 1
delay > 1
delay > 1
delay > 1
delay > 1
delay > 1
delay > 1
delay > 1
delay > 1
delay > 1
delay > 1
delay > 1
delay > 1
delay > 1
delay > 1
delay > 1
delay > 1
delay > 1
delay > 1
delay > 1
delay > 1
delay > 1
delay > 1
delay > 1
delay > 1
delay > 1
delay > 1
delay > 1
delay > 1
delay > 1
delay > 1
delay > 1
delay > 1
delay > 1
delay > 1
delay > 1
delay > 1
delay > 1
delay > 1
delay > 1
delay > 1
delay > 1
delay > 1
delay > 1
delay > 1
delay > 1
delay > 1
delay > 1
delay > 1
delay > 1
delay > 1
delay > 1
delay > 1
delay > 1
delay > 1
delay > 1
delay > 1
delay > 1
delay > 1
delay > 1
delay > 1
delay > 1
delay > 1
delay > 1
delay > 1
delay > 1
delay > 1
delay > 1
delay > 1
delay > 1
delay > 1
delay > 1
delay > 1
delay > 1
delay > 1
delay > 1
delay > 1
delay > 1
delay > 1
delay > 1
delay > 1
delay > 1
delay > 1
delay > 1
delay > 1
delay > 1
delay > 1
delay > 1
delay > 1
delay > 1
delay > 1
delay > 1
delay > 1
delay > 1
delay > 1
delay > 1
delay > 1
delay > 1
delay > 1
delay > 1
delay > 1
delay > 1
delay > 1
delay > 1
delay > 1
delay > 1
delay > 1
delay > 1
delay > 1
delay > 1
delay > 1
delay > 1
delay > 1
delay > 1
delay > 1
delay > 1
delay > 1
delay > 1
delay > 1
delay > 1
delay > 1
delay > 1
delay > 1
delay > 1
delay > 1
delay > 1
delay > 1
delay > 1
delay > 1
delay > 1
delay > 1
delay > 1
delay > 1
delay > 1
delay > 1
delay > 1
delay > 1
delay > 1
delay > 1
delay > 1
delay > 1
delay > 1
delay > 1
delay > 1
delay > 1
delay > 1
delay > 1
delay > 1
delay > 1
delay > 1
delay > 1
delay > 1
delay > 1
delay > 1
delay > 1
delay > 1
delay > 1
delay > 1
delay > 1
delay > 1
delay > 1
delay > 1
delay > 1
delay > 1
delay > 1
delay > 1
delay > 1
delay > 1
delay > 1
delay > 1
delay > 1
delay > 1
delay > 1
delay > 1
delay > 1
delay > 1
delay > 1
delay > 1
delay > 1
delay > 1
delay > 1
delay > 1
delay > 1
delay > 1
delay > 1
delay > 1
delay > 1
delay > 1
delay > 1
delay > 1
delay > 1
delay > 1
delay > 1
delay > 1
delay > 1
delay > 1
delay > 1
delay > 1
delay > 1
delay > 1
delay > 1
delay > 1
delay > 1
delay > 1
delay > 1
delay > 1
delay > 1
delay > 1
delay > 1
delay > 1
delay > 1
delay > 1
delay > 1
delay > 1
delay > 1
delay > 1
delay > 1
delay > 1
delay > 1
delay > 1
delay > 1
delay > 1
delay > 1
delay > 1
delay > 1
delay > 1
delay > 1
delay > 1
delay > 1
delay > 1
delay > 1
delay > 1
delay > 1
delay > 1
delay > 1
delay > 1
delay > 1
delay > 1
delay > 1
delay > 1
delay > 1
delay > 1
delay > 1
delay > 1
delay > 1
delay > 1
delay > 1
delay > 1
delay > 1
instance_C3 Instance Post-processing
delay > 1
delay > 1
delay > 1
delay > 1
delay > 1
delay > 1
delay > 1
delay > 1
delay > 1
delay > 1
delay > 1
delay > 1
delay > 1
delay > 1
delay > 1
delay > 1
delay > 1
delay > 1
delay > 1
delay > 1
delay > 1
delay > 1
delay > 1
delay > 1
delay > 1
delay > 1
delay > 1
delay > 1
delay > 1
delay > 1
delay > 1
delay > 1
delay > 1
delay > 1
delay > 1
delay > 1
delay > 1
delay > 1
delay > 1
delay > 1
delay > 1
delay > 1
delay > 1
delay > 1
delay > 1
delay > 1
delay > 1
delay > 1
delay > 1
delay > 1
delay > 1
delay > 1
delay > 1
delay > 1
delay > 1
delay > 1
delay > 1
delay > 1
delay > 1
delay > 1
delay > 1
delay > 1
delay > 1
delay > 1
delay > 1
delay > 1
delay > 1
delay > 1
delay > 1
delay > 1
delay > 1
delay > 1
delay > 1
delay > 1
delay > 1
delay > 1
delay > 1
delay > 1
delay > 1
delay > 1
delay > 1
delay > 1
delay > 1
delay > 1
delay > 1
delay > 1
delay > 1
delay > 1
delay > 1
delay > 1
delay > 1
delay > 1
delay > 1
delay > 1
delay > 1
delay > 1
delay > 1
delay > 1
delay > 1
delay > 1
delay > 1
delay > 1
delay > 1
delay > 1
delay > 1
delay > 1
delay > 1
delay > 1
delay > 1
delay > 1
delay > 1
delay > 1
delay > 1
delay > 1
delay > 1
delay > 1
delay > 1
delay > 1
delay > 1
delay > 1
delay > 1
delay > 1
delay > 1
delay > 1
delay > 1
delay > 1
delay > 1
delay > 1
delay > 1
delay > 1
delay > 1
delay > 1
delay > 1
delay > 1
delay > 1
delay > 1
delay > 1
delay > 1
delay > 1
delay > 1
delay > 1
delay > 1
delay > 1
delay > 1
delay > 1
delay > 1
delay > 1
delay > 1
delay > 1
delay > 1
delay > 1
delay > 1
delay > 1
delay > 1
delay > 1
delay > 1
delay > 1
delay > 1
delay > 1
delay > 1
delay > 1
delay > 1
delay > 1
delay > 1
delay > 1
delay > 1
delay > 1
delay > 1
delay > 1
delay > 1
delay > 1
delay > 1
delay > 1
delay > 1
delay > 1
delay > 1
delay > 1
delay > 1
delay > 1
delay > 1
delay > 1
delay > 1
delay > 1
delay > 1
delay > 1
delay > 1
delay > 1
delay > 1
delay > 1
delay > 1
delay > 1
delay > 1
delay > 1
delay > 1
delay > 1
delay > 1
delay > 1
delay > 1
delay > 1
delay > 1
delay > 1
delay > 1
delay > 1
delay > 1
delay > 1
delay > 1
delay > 1
delay > 1
delay > 1
delay > 1
delay > 1
delay > 1
delay > 1
delay > 1
delay > 1
delay > 1
delay > 1
delay > 1
delay > 1
delay > 1
delay > 1
delay > 1
delay > 1
delay > 1
delay > 1
delay > 1
delay > 1
delay > 1
delay > 1
delay > 1
delay > 1
delay > 1
delay > 1
delay > 1
delay > 1
delay > 1
delay > 1
delay > 1
delay > 1
delay > 1
delay > 1
delay > 1
delay > 1
delay > 1
delay > 1
delay > 1
delay > 1
delay > 1
delay > 1
delay > 1
delay > 1
delay > 1
delay > 1
delay > 1
delay > 1
delay > 1
delay > 1
delay > 1
delay > 1
delay > 1
delay > 1
delay > 1
delay > 1
delay > 1
delay > 1
delay > 1
delay > 1
delay > 1
delay > 1
delay > 1
delay > 1
delay > 1
delay > 1
delay > 1
delay > 1
delay > 1
delay > 1
delay > 1
delay > 1
delay > 1
delay > 1
delay > 1
delay > 1
delay > 1
delay > 1
delay > 1
delay > 1
delay > 1
delay > 1
delay > 1
delay > 1
delay > 1
delay > 1
delay > 1
delay > 1
delay > 1
delay > 1
delay > 1
delay > 1
delay > 1
delay > 1
delay > 1
delay > 1
delay > 1
delay > 1
delay > 1
delay > 1
delay > 1
delay > 1
delay > 1
delay > 1
delay > 1
delay > 1
delay > 1
delay > 1
delay > 1
delay > 1
delay > 1
delay > 1
delay > 1
delay > 1
delay > 1
delay > 1
delay > 1
delay > 1
delay > 1
delay > 1
delay > 1
delay > 1
delay > 1
delay > 1
delay > 1
delay > 1
delay > 1
delay > 1
delay > 1
delay > 1
delay > 1
delay > 1
delay > 1
delay > 1
delay > 1
delay > 1
delay > 1
delay > 1
delay > 1
delay > 1
delay > 1
delay > 1
delay > 1
delay > 1
delay > 1
delay > 1
delay > 1
delay > 1
delay > 1
delay > 1
delay > 1
delay > 1
delay > 1
delay > 1
delay > 1
delay > 1
delay > 1
delay > 1
delay > 1
delay > 1
delay > 1
delay > 1
delay > 1
delay > 1
delay > 1
delay > 1
delay > 1
delay > 1
delay > 1
delay > 1
delay > 1
delay > 1
delay > 1
delay > 1
delay > 1
delay > 1
delay > 1
delay > 1
delay > 1
delay > 1
delay > 1
delay > 1
delay > 1
delay > 1
delay > 1
delay > 1
delay > 1
delay > 1
delay > 1
delay > 1
delay > 1
delay > 1
delay > 1
delay > 1
delay > 1
Push results to the repository...
[main d5cde90] Validation results
 27 files changed, 10896 insertions(+), 4312 deletions(-)
 rewrite instance_generator/graphs/instance_generator_instances_instance_C3_out_heuristic/instance_generator_instances_instance_C3_out_heuristic.xlsx (95%)
 rewrite instance_generator/graphs/instance_generator_instances_instance_C3_out_heuristic/kpi.png (96%)
 rewrite instance_generator/graphs/instance_generator_instances_instance_C3_out_heuristic/time.png (98%)
 rewrite instance_generator/graphs/instance_generator_instances_instance_C4_out_heuristic/cumulative.png (99%)
 rewrite instance_generator/graphs/instance_generator_instances_instance_C4_out_heuristic/instance_generator_instances_instance_C4_out_heuristic.xlsx (96%)
 rewrite instance_generator/graphs/instance_generator_instances_instance_C4_out_heuristic/kpi.png (96%)
 rewrite instance_generator/graphs/instance_generator_instances_instance_C4_out_heuristic/time.png (98%)
 rewrite instance_generator/instances/instance_C3/fragmentation/fragmentation_link1_request400.png (98%)
 rewrite instance_generator/instances/instance_C3/fragmentation/fragmentation_link1_request400.xlsx (83%)
 rewrite instance_generator/instances/instance_C3/fragmentation/fragmentation_link2_request400.png (99%)
 rewrite instance_generator/instances/instance_C3/fragmentation/fragmentation_link2_request400.xlsx (84%)
 rewrite instance_generator/instances/instance_C3/fragmentation/fragmentation_link3_request400.png (99%)
 rewrite instance_generator/instances/instance_C3/fragmentation/fragmentation_link3_request400.xlsx (83%)
 rewrite instance_generator/instances/instance_C3/out_heuristic.csv (73%)
 rewrite instance_generator/instances/instance_C3/out_heuristic_troughput.csv (99%)
 rewrite instance_generator/instances/instance_C4/fragmentation/fragmentation_link1_request400.png (98%)
 rewrite instance_generator/instances/instance_C4/fragmentation/fragmentation_link1_request400.xlsx (85%)
 rewrite instance_generator/instances/instance_C4/fragmentation/fragmentation_link2_request400.png (99%)
 rewrite instance_generator/instances/instance_C4/fragmentation/fragmentation_link2_request400.xlsx (86%)
 rewrite instance_generator/instances/instance_C4/fragmentation/fragmentation_link3_request400.png (98%)
 rewrite instance_generator/instances/instance_C4/fragmentation/fragmentation_link3_request400.xlsx (86%)
 rewrite instance_generator/instances/instance_C4/out_heuristic.csv (63%)
 rewrite instance_generator/instances/instance_C4/out_heuristic_troughput.csv (99%)
To github.com:GGraziadei/TSN-IEEE-802.1Qbv--scheduling-module.git
   b8508f3..d5cde90  main -> main
Update the repository...
Already up to date.
Validation script...
instance_C4 Instance started
instance_C3 Instance started
Traceback (most recent call last):
  File "/home/ubuntu/TSN-IEEE-802.1Qbv--scheduling-module/validation_heuristic.py", line 67, in <module>
    instance.solve()
  File "/home/ubuntu/TSN-IEEE-802.1Qbv--scheduling-module/problem/heuristics_model.py", line 230, in solve
    return self._solve(flows_iterations, ch)
  File "/home/ubuntu/TSN-IEEE-802.1Qbv--scheduling-module/problem/heuristics_model.py", line 243, in _solve
    candidates = self.candidates(flow)
  File "/home/ubuntu/TSN-IEEE-802.1Qbv--scheduling-module/problem/heuristics_model.py", line 189, in candidates
    result = c.result()
  File "/usr/lib/python3.10/concurrent/futures/_base.py", line 451, in result
Traceback (most recent call last):
  File "/home/ubuntu/TSN-IEEE-802.1Qbv--scheduling-module/validation_heuristic.py", line 67, in <module>
    instance.solve()
  File "/home/ubuntu/TSN-IEEE-802.1Qbv--scheduling-module/problem/heuristics_model.py", line 230, in solve
    return self._solve(flows_iterations, ch)
  File "/home/ubuntu/TSN-IEEE-802.1Qbv--scheduling-module/problem/heuristics_model.py", line 243, in _solve
    candidates = self.candidates(flow)
  File "/home/ubuntu/TSN-IEEE-802.1Qbv--scheduling-module/problem/heuristics_model.py", line 189, in candidates
    result = c.result()
  File "/usr/lib/python3.10/concurrent/futures/_base.py", line 451, in result
    return self.__get_result()
    return self.__get_result()
  File "/usr/lib/python3.10/concurrent/futures/_base.py", line 403, in __get_result
  File "/usr/lib/python3.10/concurrent/futures/_base.py", line 403, in __get_result
    raise self._exception
    raise self._exception
  File "/usr/lib/python3.10/concurrent/futures/thread.py", line 58, in run
  File "/usr/lib/python3.10/concurrent/futures/thread.py", line 58, in run
    result = self.fn(*self.args, **self.kwargs)
  File "/home/ubuntu/TSN-IEEE-802.1Qbv--scheduling-module/problem/heuristics_model.py", line 62, in candidate
    sigma = self.pipeline(e_src,e_dest,flow_id=flow["flow"].get_id())
  File "/home/ubuntu/TSN-IEEE-802.1Qbv--scheduling-module/problem/solver.py", line 196, in pipeline
    flow = self.network.get_flows()[flow_id-1]
    result = self.fn(*self.args, **self.kwargs)
IndexError: list index out of range
  File "/home/ubuntu/TSN-IEEE-802.1Qbv--scheduling-module/problem/heuristics_model.py", line 62, in candidate
    sigma = self.pipeline(e_src,e_dest,flow_id=flow["flow"].get_id())
  File "/home/ubuntu/TSN-IEEE-802.1Qbv--scheduling-module/problem/solver.py", line 196, in pipeline
    flow = self.network.get_flows()[flow_id-1]
IndexError: list index out of range
All tasks completed.
instance_C4 Instance Post-processing
Traceback (most recent call last):
  File "/home/ubuntu/TSN-IEEE-802.1Qbv--scheduling-module/instance_generator/stats_to_csv.py", line 121, in <module>
    app = apps[stat]
KeyError: 1
Traceback (most recent call last):
  File "/home/ubuntu/TSN-IEEE-802.1Qbv--scheduling-module/instance_generator/generate_graph.py", line 174, in <module>
    df.set_index('instance', inplace=True)
  File "/home/ubuntu/.local/lib/python3.10/site-packages/pandas/core/frame.py", line 6122, in set_index
    raise KeyError(f"None of {missing} are in the columns")
KeyError: "None of ['instance'] are in the columns"
instance_C3 Instance Post-processing
Traceback (most recent call last):
  File "/home/ubuntu/TSN-IEEE-802.1Qbv--scheduling-module/instance_generator/stats_to_csv.py", line 121, in <module>
    app = apps[stat]
KeyError: 1
Traceback (most recent call last):
  File "/home/ubuntu/TSN-IEEE-802.1Qbv--scheduling-module/instance_generator/generate_graph.py", line 174, in <module>
    df.set_index('instance', inplace=True)
  File "/home/ubuntu/.local/lib/python3.10/site-packages/pandas/core/frame.py", line 6122, in set_index
    raise KeyError(f"None of {missing} are in the columns")
KeyError: "None of ['instance'] are in the columns"
Push results to the repository...
error: pathspec 'instance_C3 [Auto Commit Pipeline]' did not match any file(s) known to git
Everything up-to-date
Update the repository...
Already up to date.
Validation script...
instance_C4 Instance started
instance_C3 Instance started
Traceback (most recent call last):
  File "/home/ubuntu/TSN-IEEE-802.1Qbv--scheduling-module/validation_heuristic.py", line 67, in <module>
    instance.solve()
  File "/home/ubuntu/TSN-IEEE-802.1Qbv--scheduling-module/problem/heuristics_model.py", line 230, in solve
    return self._solve(flows_iterations, ch)
  File "/home/ubuntu/TSN-IEEE-802.1Qbv--scheduling-module/problem/heuristics_model.py", line 243, in _solve
    candidates = self.candidates(flow)
  File "/home/ubuntu/TSN-IEEE-802.1Qbv--scheduling-module/problem/heuristics_model.py", line 189, in candidates
    result = c.result()
  File "/usr/lib/python3.10/concurrent/futures/_base.py", line 451, in result
    return self.__get_result()
  File "/usr/lib/python3.10/concurrent/futures/_base.py", line 403, in __get_result
    raise self._exception
  File "/usr/lib/python3.10/concurrent/futures/thread.py", line 58, in run
    result = self.fn(*self.args, **self.kwargs)
  File "/home/ubuntu/TSN-IEEE-802.1Qbv--scheduling-module/problem/heuristics_model.py", line 62, in candidate
    sigma = self.pipeline(e_src,e_dest,flow_id=flow["flow"].get_id())
  File "/home/ubuntu/TSN-IEEE-802.1Qbv--scheduling-module/problem/solver.py", line 196, in pipeline
    flow = self.network.get_flows()[flow_id-1]
IndexError: list index out of range
Traceback (most recent call last):
  File "/home/ubuntu/TSN-IEEE-802.1Qbv--scheduling-module/validation_heuristic.py", line 67, in <module>
    instance.solve()
  File "/home/ubuntu/TSN-IEEE-802.1Qbv--scheduling-module/problem/heuristics_model.py", line 230, in solve
    return self._solve(flows_iterations, ch)
  File "/home/ubuntu/TSN-IEEE-802.1Qbv--scheduling-module/problem/heuristics_model.py", line 243, in _solve
    candidates = self.candidates(flow)
  File "/home/ubuntu/TSN-IEEE-802.1Qbv--scheduling-module/problem/heuristics_model.py", line 189, in candidates
    result = c.result()
  File "/usr/lib/python3.10/concurrent/futures/_base.py", line 451, in result
    return self.__get_result()
  File "/usr/lib/python3.10/concurrent/futures/_base.py", line 403, in __get_result
    raise self._exception
  File "/usr/lib/python3.10/concurrent/futures/thread.py", line 58, in run
    result = self.fn(*self.args, **self.kwargs)
  File "/home/ubuntu/TSN-IEEE-802.1Qbv--scheduling-module/problem/heuristics_model.py", line 62, in candidate
    sigma = self.pipeline(e_src,e_dest,flow_id=flow["flow"].get_id())
  File "/home/ubuntu/TSN-IEEE-802.1Qbv--scheduling-module/problem/solver.py", line 196, in pipeline
    flow = self.network.get_flows()[flow_id-1]
IndexError: list index out of range
All tasks completed.
instance_C4 Instance Post-processing
Traceback (most recent call last):
  File "/home/ubuntu/TSN-IEEE-802.1Qbv--scheduling-module/instance_generator/stats_to_csv.py", line 121, in <module>
    app = apps[stat]
KeyError: 1
Traceback (most recent call last):
  File "/home/ubuntu/TSN-IEEE-802.1Qbv--scheduling-module/instance_generator/generate_graph.py", line 174, in <module>
    df.set_index('instance', inplace=True)
  File "/home/ubuntu/.local/lib/python3.10/site-packages/pandas/core/frame.py", line 6122, in set_index
    raise KeyError(f"None of {missing} are in the columns")
KeyError: "None of ['instance'] are in the columns"
instance_C3 Instance Post-processing
Traceback (most recent call last):
  File "/home/ubuntu/TSN-IEEE-802.1Qbv--scheduling-module/instance_generator/stats_to_csv.py", line 121, in <module>
    app = apps[stat]
KeyError: 1
Traceback (most recent call last):
  File "/home/ubuntu/TSN-IEEE-802.1Qbv--scheduling-module/instance_generator/generate_graph.py", line 174, in <module>
    df.set_index('instance', inplace=True)
  File "/home/ubuntu/.local/lib/python3.10/site-packages/pandas/core/frame.py", line 6122, in set_index
    raise KeyError(f"None of {missing} are in the columns")
KeyError: "None of ['instance'] are in the columns"
Push results to the repository...
error: pathspec 'instance_C3 [Auto Commit Pipeline]' did not match any file(s) known to git
Everything up-to-date
Update the repository...
From github.com:GGraziadei/TSN-IEEE-802.1Qbv--scheduling-module
   c5f39ec..cd7c368  main       -> origin/main
Updating c5f39ec..cd7c368
Fast-forward
 instance_generator/generator.py                        | 6 ------
 instance_generator/instances/instance_C3/requests.json | 2 +-
 instance_generator/instances/instance_C4/requests.json | 2 +-
 3 files changed, 2 insertions(+), 8 deletions(-)
Validation script...
instance_C4 Instance started
instance_C3 Instance started
Update the repository...
From github.com:GGraziadei/TSN-IEEE-802.1Qbv--scheduling-module
   cd7c368..10061a9  main       -> origin/main
Updating cd7c368..10061a9
Fast-forward
 .../instances/instance_C3_10/description.txt       |    6 +
 .../instances/instance_C3_10/network.json          | 4238 ++++++++++++++++++++
 .../instances/instance_C3_10/requests.json         |    1 +
 .../instances/instance_C4_10/description.txt       |    6 +
 .../instances/instance_C4_10/network.json          | 4238 ++++++++++++++++++++
 .../instances/instance_C4_10/requests.json         |    1 +
 6 files changed, 8490 insertions(+)
 create mode 100644 instance_generator/instances/instance_C3_10/description.txt
 create mode 100644 instance_generator/instances/instance_C3_10/network.json
 create mode 100644 instance_generator/instances/instance_C3_10/requests.json
 create mode 100644 instance_generator/instances/instance_C4_10/description.txt
 create mode 100644 instance_generator/instances/instance_C4_10/network.json
 create mode 100644 instance_generator/instances/instance_C4_10/requests.json
Validation script...
instance_C4_10 Instance started
instance_C3_10 Instance started
/home/ubuntu/.local/lib/python3.10/site-packages/pandas/plotting/_matplotlib/tools.py:233: RuntimeWarning: More than 20 figures have been opened. Figures created through the pyplot interface (`matplotlib.pyplot.figure`) are retained until explicitly closed and may consume too much memory. (To control this warning, see the rcParam `figure.max_open_warning`). Consider using `matplotlib.pyplot.close()`.
  fig = plt.figure(**fig_kw)
/home/ubuntu/.local/lib/python3.10/site-packages/pandas/plotting/_matplotlib/tools.py:233: RuntimeWarning: More than 20 figures have been opened. Figures created through the pyplot interface (`matplotlib.pyplot.figure`) are retained until explicitly closed and may consume too much memory. (To control this warning, see the rcParam `figure.max_open_warning`). Consider using `matplotlib.pyplot.close()`.
  fig = plt.figure(**fig_kw)
/home/ubuntu/.local/lib/python3.10/site-packages/pandas/plotting/_matplotlib/tools.py:233: RuntimeWarning: More than 20 figures have been opened. Figures created through the pyplot interface (`matplotlib.pyplot.figure`) are retained until explicitly closed and may consume too much memory. (To control this warning, see the rcParam `figure.max_open_warning`). Consider using `matplotlib.pyplot.close()`.
  fig = plt.figure(**fig_kw)
/home/ubuntu/.local/lib/python3.10/site-packages/pandas/plotting/_matplotlib/tools.py:233: RuntimeWarning: More than 20 figures have been opened. Figures created through the pyplot interface (`matplotlib.pyplot.figure`) are retained until explicitly closed and may consume too much memory. (To control this warning, see the rcParam `figure.max_open_warning`). Consider using `matplotlib.pyplot.close()`.
  fig = plt.figure(**fig_kw)
All tasks completed.
instance_C4 Instance Post-processing
instance_C3 Instance Post-processing
Push results to the repository...
error: pathspec 'instance_C3 [Auto Commit Pipeline]' did not match any file(s) known to git
Everything up-to-date
All tasks completed.
instance_C4_10 Instance Post-processing
instance_C3_10 Instance Post-processing
Push results to the repository...
error: pathspec 'instance_C3_10 [Auto Commit Pipeline]' did not match any file(s) known to git
Everything up-to-date
